  main.cpp
D:\N4\DataSaferyandRecovery\Project_Final\Project_Final\main.cpp(5,15): warning C4244: 'argument': conversion from 'time_t' to 'unsigned int', possible loss of data
D:\N4\DataSaferyandRecovery\Project_Final\Project_Final\main.cpp(45,45): warning C4566: character represented by universal-character-name '\u0111' cannot be represented in the current code page (1252)
D:\N4\DataSaferyandRecovery\Project_Final\Project_Final\main.cpp(45,45): warning C4566: character represented by universal-character-name '\u1ED3' cannot be represented in the current code page (1252)
D:\N4\DataSaferyandRecovery\Project_Final\Project_Final\main.cpp(45,45): warning C4566: character represented by universal-character-name '\u1EA1' cannot be represented in the current code page (1252)
D:\N4\DataSaferyandRecovery\Project_Final\Project_Final\main.cpp(59,44): warning C4566: character represented by universal-character-name '\u0111' cannot be represented in the current code page (1252)
D:\N4\DataSaferyandRecovery\Project_Final\Project_Final\main.cpp(59,44): warning C4566: character represented by universal-character-name '\u01B0' cannot be represented in the current code page (1252)
D:\N4\DataSaferyandRecovery\Project_Final\Project_Final\main.cpp(59,44): warning C4566: character represented by universal-character-name '\u1EE3' cannot be represented in the current code page (1252)
D:\N4\DataSaferyandRecovery\Project_Final\Project_Final\main.cpp(59,44): warning C4566: character represented by universal-character-name '\u1EA1' cannot be represented in the current code page (1252)
D:\N4\DataSaferyandRecovery\Project_Final\Project_Final\main.cpp(66,17): warning C4566: character represented by universal-character-name '\u1EC3' cannot be represented in the current code page (1252)
D:\N4\DataSaferyandRecovery\Project_Final\Project_Final\main.cpp(66,17): warning C4566: character represented by universal-character-name '\u1EA1' cannot be represented in the current code page (1252)
D:\N4\DataSaferyandRecovery\Project_Final\Project_Final\main.cpp(98,45): warning C4566: character represented by universal-character-name '\u0111' cannot be represented in the current code page (1252)
D:\N4\DataSaferyandRecovery\Project_Final\Project_Final\main.cpp(98,45): warning C4566: character represented by universal-character-name '\u01B0' cannot be represented in the current code page (1252)
D:\N4\DataSaferyandRecovery\Project_Final\Project_Final\main.cpp(98,45): warning C4566: character represented by universal-character-name '\u1EE3' cannot be represented in the current code page (1252)
D:\N4\DataSaferyandRecovery\Project_Final\Project_Final\main.cpp(98,45): warning C4566: character represented by universal-character-name '\u1ECB' cannot be represented in the current code page (1252)
D:\N4\DataSaferyandRecovery\Project_Final\Project_Final\main.cpp(98,45): warning C4566: character represented by universal-character-name '\u1EA1' cannot be represented in the current code page (1252)
D:\N4\DataSaferyandRecovery\Project_Final\Project_Final\main.cpp(103,17): warning C4566: character represented by universal-character-name '\u1EC3' cannot be represented in the current code page (1252)
D:\N4\DataSaferyandRecovery\Project_Final\Project_Final\main.cpp(103,17): warning C4566: character represented by universal-character-name '\u1EDF' cannot be represented in the current code page (1252)
D:\N4\DataSaferyandRecovery\Project_Final\Project_Final\main.cpp(103,17): warning C4566: character represented by universal-character-name '\u1ED3' cannot be represented in the current code page (1252)
D:\N4\DataSaferyandRecovery\Project_Final\Project_Final\main.cpp(103,17): warning C4566: character represented by universal-character-name '\u1EA1' cannot be represented in the current code page (1252)
D:\N4\DataSaferyandRecovery\Project_Final\Project_Final\main.cpp(121,17): warning C4566: character represented by universal-character-name '\u1EAD' cannot be represented in the current code page (1252)
D:\N4\DataSaferyandRecovery\Project_Final\Project_Final\main.cpp(121,17): warning C4566: character represented by universal-character-name '\u1EA9' cannot be represented in the current code page (1252)
D:\N4\DataSaferyandRecovery\Project_Final\Project_Final\main.cpp(125,26): warning C4566: character represented by universal-character-name '\u0110' cannot be represented in the current code page (1252)
D:\N4\DataSaferyandRecovery\Project_Final\Project_Final\main.cpp(125,26): warning C4566: character represented by universal-character-name '\u0103' cannot be represented in the current code page (1252)
D:\N4\DataSaferyandRecovery\Project_Final\Project_Final\main.cpp(125,26): warning C4566: character represented by universal-character-name '\u1EAD' cannot be represented in the current code page (1252)
D:\N4\DataSaferyandRecovery\Project_Final\Project_Final\main.cpp(132,30): warning C4566: character represented by universal-character-name '\u1EAD' cannot be represented in the current code page (1252)
D:\N4\DataSaferyandRecovery\Project_Final\Project_Final\main.cpp(132,30): warning C4566: character represented by universal-character-name '\u1EA9' cannot be represented in the current code page (1252)
D:\N4\DataSaferyandRecovery\Project_Final\Project_Final\main.cpp(132,30): warning C4566: character represented by universal-character-name '\u1EED' cannot be represented in the current code page (1252)
D:\N4\DataSaferyandRecovery\Project_Final\Project_Final\main.cpp(132,30): warning C4566: character represented by universal-character-name '\u1EA1' cannot be represented in the current code page (1252)
D:\N4\DataSaferyandRecovery\Project_Final\Project_Final\main.cpp(134,34): warning C4566: character represented by universal-character-name '\u0110' cannot be represented in the current code page (1252)
D:\N4\DataSaferyandRecovery\Project_Final\Project_Final\main.cpp(134,34): warning C4566: character represented by universal-character-name '\u1EE3' cannot be represented in the current code page (1252)
D:\N4\DataSaferyandRecovery\Project_Final\Project_Final\main.cpp(140,30): warning C4566: character represented by universal-character-name '\u1ED1' cannot be represented in the current code page (1252)
D:\N4\DataSaferyandRecovery\Project_Final\Project_Final\main.cpp(140,30): warning C4566: character represented by universal-character-name '\u1EA7' cannot be represented in the current code page (1252)
D:\N4\DataSaferyandRecovery\Project_Final\Project_Final\main.cpp(140,30): warning C4566: character represented by universal-character-name '\u1EAD' cannot be represented in the current code page (1252)
D:\N4\DataSaferyandRecovery\Project_Final\Project_Final\main.cpp(140,30): warning C4566: character represented by universal-character-name '\u1EC1' cannot be represented in the current code page (1252)
D:\N4\DataSaferyandRecovery\Project_Final\Project_Final\main.cpp(140,30): warning C4566: character represented by universal-character-name '\u1EED' cannot be represented in the current code page (1252)
D:\N4\DataSaferyandRecovery\Project_Final\Project_Final\main.cpp(140,30): warning C4566: character represented by universal-character-name '\u1EA1' cannot be represented in the current code page (1252)
  Project_Final.vcxproj -> D:\N4\DataSaferyandRecovery\Project_Final\x64\Debug\Project_Final.exe
